
2024/10/08 (19:50:46) | ===> btop++ v.1.4.0
2024/10/08 (19:50:46) | WARNING: NVML: Failed to get maximum GPU power draw, defaulting to 225W: Not Supported

2024/10/08 (23:18:48) | ===> btop++ v.1.4.0
2024/10/08 (23:18:48) | WARNING: NVML: Failed to get maximum GPU power draw, defaulting to 225W: Not Supported

2024/10/08 (23:19:50) | ===> btop++ v.1.4.0
2024/10/08 (23:19:50) | WARNING: NVML: Failed to get maximum GPU power draw, defaulting to 225W: Not Supported

2024/10/10 (10:21:14) | ===> btop++ v.1.4.0
2024/10/10 (10:21:14) | WARNING: NVML: Failed to get maximum GPU power draw, defaulting to 225W: Not Supported

2024/10/10 (11:03:07) | ===> btop++ v.1.4.0
2024/10/10 (11:03:07) | WARNING: NVML: Failed to get maximum GPU power draw, defaulting to 225W: Not Supported

2024/10/10 (11:04:50) | ===> btop++ v.1.4.0
2024/10/10 (11:04:50) | WARNING: NVML: Failed to get maximum GPU power draw, defaulting to 225W: Not Supported

2024/10/10 (16:50:58) | ===> btop++ v.1.4.0
2024/10/10 (16:50:58) | WARNING: NVML: Failed to get maximum GPU power draw, defaulting to 225W: Not Supported

2024/10/11 (11:24:18) | ===> btop++ v.1.4.0
2024/10/11 (11:24:18) | WARNING: NVML: Failed to get maximum GPU power draw, defaulting to 225W: Not Supported

2024/10/14 (09:55:04) | ===> btop++ v.1.4.0
2024/10/14 (09:55:04) | WARNING: NVML: Failed to get maximum GPU power draw, defaulting to 225W: Not Supported

2024/10/14 (09:56:06) | ===> btop++ v.1.4.0
2024/10/14 (09:56:06) | WARNING: NVML: Failed to get maximum GPU power draw, defaulting to 225W: Not Supported

2024/10/14 (17:08:09) | ===> btop++ v.1.4.0
2024/10/14 (17:08:09) | WARNING: NVML: Failed to get maximum GPU power draw, defaulting to 225W: Not Supported

2024/10/15 (11:28:44) | ===> btop++ v.1.4.0
2024/10/15 (11:28:44) | WARNING: NVML: Failed to get maximum GPU power draw, defaulting to 225W: Not Supported

2024/10/15 (13:08:39) | ===> btop++ v.1.4.0
2024/10/15 (13:08:39) | WARNING: NVML: Failed to get maximum GPU power draw, defaulting to 225W: Not Supported

2024/10/15 (18:29:34) | ===> btop++ v.1.4.0
2024/10/15 (18:29:34) | WARNING: NVML: Failed to get maximum GPU power draw, defaulting to 225W: Not Supported

2024/10/15 (18:44:38) | ===> btop++ v.1.4.0
2024/10/15 (18:44:38) | WARNING: NVML: Failed to get maximum GPU power draw, defaulting to 225W: Not Supported

2024/10/15 (20:07:02) | ===> btop++ v.1.4.0
2024/10/15 (20:07:02) | WARNING: NVML: Failed to get maximum GPU power draw, defaulting to 225W: Not Supported

2024/10/15 (20:07:29) | ===> btop++ v.1.4.0
2024/10/15 (20:07:29) | WARNING: NVML: Failed to get maximum GPU power draw, defaulting to 225W: Not Supported

2024/10/16 (16:29:57) | ===> btop++ v.1.4.0
2024/10/16 (16:29:57) | WARNING: NVML: Failed to get maximum GPU power draw, defaulting to 225W: Not Supported

2024/10/17 (19:33:54) | ===> btop++ v.1.4.0
2024/10/17 (19:33:54) | WARNING: NVML: Failed to get maximum GPU power draw, defaulting to 225W: Not Supported

2024/10/17 (20:34:10) | ===> btop++ v.1.4.0
2024/10/17 (20:34:10) | WARNING: NVML: Failed to get maximum GPU power draw, defaulting to 225W: Not Supported

2024/10/18 (12:55:25) | ===> btop++ v.1.4.0
2024/10/18 (12:55:25) | WARNING: NVML: Failed to get maximum GPU power draw, defaulting to 225W: Not Supported

2024/10/18 (21:32:19) | ===> btop++ v.1.4.0
2024/10/18 (21:32:19) | WARNING: NVML: Failed to get maximum GPU power draw, defaulting to 225W: Not Supported

2024/10/19 (01:32:26) | ===> btop++ v.1.4.0
2024/10/19 (01:32:26) | WARNING: NVML: Failed to get maximum GPU power draw, defaulting to 225W: Not Supported

2024/10/19 (01:33:35) | ===> btop++ v.1.4.0
2024/10/19 (01:33:35) | WARNING: NVML: Failed to get maximum GPU power draw, defaulting to 225W: Not Supported

2024/10/19 (02:15:54) | ===> btop++ v.1.4.0
2024/10/19 (02:15:54) | WARNING: NVML: Failed to get maximum GPU power draw, defaulting to 225W: Not Supported
2024/10/19 (02:16:02) | ERROR: Couldn't determine terminal size of "STDOUT_FILENO"!
2024/10/19 (02:16:02) | ERROR: Couldn't determine terminal size of "/dev/tty"!

2024/10/19 (12:03:56) | ===> btop++ v.1.4.0
2024/10/19 (12:03:56) | WARNING: NVML: Failed to get maximum GPU power draw, defaulting to 225W: Not Supported

2024/10/19 (15:52:42) | ===> btop++ v.1.4.0
2024/10/19 (15:52:42) | WARNING: NVML: Failed to get maximum GPU power draw, defaulting to 225W: Not Supported

2024/10/19 (23:10:48) | ===> btop++ v.1.4.0
2024/10/19 (23:10:48) | WARNING: NVML: Failed to get maximum GPU power draw, defaulting to 225W: Not Supported

2024/10/19 (23:56:00) | ===> btop++ v.1.4.0
2024/10/19 (23:56:00) | WARNING: NVML: Failed to get maximum GPU power draw, defaulting to 225W: Not Supported

2024/10/20 (00:11:11) | ===> btop++ v.1.4.0
2024/10/20 (00:11:11) | WARNING: NVML: Failed to get maximum GPU power draw, defaulting to 225W: Not Supported

2024/10/20 (14:38:52) | ===> btop++ v.1.4.0
2024/10/20 (14:38:52) | WARNING: NVML: Failed to get maximum GPU power draw, defaulting to 225W: Not Supported

2024/10/20 (19:52:48) | ===> btop++ v.1.4.0
2024/10/20 (19:52:48) | WARNING: NVML: Failed to get maximum GPU power draw, defaulting to 225W: Not Supported

2024/10/21 (23:32:44) | ===> btop++ v.1.4.0
2024/10/21 (23:32:44) | WARNING: NVML: Failed to get maximum GPU power draw, defaulting to 225W: Not Supported

2024/10/22 (12:45:50) | ===> btop++ v.1.4.0
2024/10/22 (12:45:50) | WARNING: NVML: Failed to get maximum GPU power draw, defaulting to 225W: Not Supported

2024/10/22 (12:52:26) | ===> btop++ v.1.4.0
2024/10/22 (12:52:26) | WARNING: NVML: Failed to get maximum GPU power draw, defaulting to 225W: Not Supported

2024/10/22 (12:52:43) | ===> btop++ v.1.4.0
2024/10/22 (12:52:43) | WARNING: NVML: Failed to get maximum GPU power draw, defaulting to 225W: Not Supported

2024/10/22 (12:53:19) | ===> btop++ v.1.4.0
2024/10/22 (12:53:19) | WARNING: NVML: Failed to get maximum GPU power draw, defaulting to 225W: Not Supported

2024/10/23 (15:37:47) | ===> btop++ v.1.4.0
2024/10/23 (15:37:47) | WARNING: NVML: Failed to get maximum GPU power draw, defaulting to 225W: Not Supported

2024/10/23 (17:38:04) | ===> btop++ v.1.4.0
2024/10/23 (17:38:04) | WARNING: NVML: Failed to get maximum GPU power draw, defaulting to 225W: Not Supported

2024/10/23 (17:38:08) | ===> btop++ v.1.4.0
2024/10/23 (17:38:08) | WARNING: NVML: Failed to get maximum GPU power draw, defaulting to 225W: Not Supported

2024/10/23 (17:38:18) | ===> btop++ v.1.4.0
2024/10/23 (17:38:18) | WARNING: NVML: Failed to get maximum GPU power draw, defaulting to 225W: Not Supported

2024/10/24 (17:25:15) | ===> btop++ v.1.4.0
2024/10/24 (17:25:15) | WARNING: NVML: Failed to get maximum GPU power draw, defaulting to 225W: Not Supported

2024/10/28 (12:11:41) | ===> btop++ v.1.4.0
2024/10/28 (12:11:41) | WARNING: NVML: Failed to get maximum GPU power draw, defaulting to 225W: Not Supported

2024/10/29 (12:01:57) | ===> btop++ v.1.4.0
2024/10/29 (12:01:57) | WARNING: NVML: Failed to get maximum GPU power draw, defaulting to 225W: Not Supported

2024/10/29 (23:10:13) | ===> btop++ v.1.4.0
2024/10/29 (23:10:13) | WARNING: NVML: Failed to get maximum GPU power draw, defaulting to 225W: Not Supported

2024/11/02 (12:47:24) | ===> btop++ v.1.4.0
2024/11/02 (12:47:24) | WARNING: NVML: Failed to get maximum GPU power draw, defaulting to 225W: Not Supported

2024/11/02 (20:16:49) | ===> btop++ v.1.4.0
2024/11/02 (20:16:49) | WARNING: NVML: Failed to get maximum GPU power draw, defaulting to 225W: Not Supported

2024/11/04 (21:43:23) | ===> btop++ v.1.4.0
2024/11/04 (21:43:23) | WARNING: NVML: Failed to get maximum GPU power draw, defaulting to 225W: Not Supported

2024/11/05 (09:35:40) | ===> btop++ v.1.4.0
2024/11/05 (09:35:40) | WARNING: NVML: Failed to get maximum GPU power draw, defaulting to 225W: Not Supported

2024/11/07 (12:22:23) | ===> btop++ v.1.4.0
2024/11/07 (12:22:23) | WARNING: NVML: Failed to get maximum GPU power draw, defaulting to 225W: Not Supported

2024/11/07 (14:27:33) | ===> btop++ v.1.4.0
2024/11/07 (14:27:33) | WARNING: NVML: Failed to get maximum GPU power draw, defaulting to 225W: Not Supported

2024/11/11 (11:28:45) | ===> btop++ v.1.4.0
2024/11/11 (11:28:45) | WARNING: NVML: Failed to get maximum GPU power draw, defaulting to 225W: Not Supported

2024/11/18 (12:39:42) | ===> btop++ v.1.4.0
2024/11/18 (12:39:42) | WARNING: NVML: Failed to get maximum GPU power draw, defaulting to 225W: Not Supported

2024/11/19 (11:14:22) | ===> btop++ v.1.4.0
2024/11/19 (11:14:22) | WARNING: NVML: Failed to get maximum GPU power draw, defaulting to 225W: Not Supported

2024/12/13 (09:49:37) | ===> btop++ v.1.4.0
2024/12/13 (09:49:37) | WARNING: NVML: Failed to get maximum GPU power draw, defaulting to 225W: Not Supported

2024/12/13 (12:45:24) | ===> btop++ v.1.4.0
2024/12/13 (12:45:24) | WARNING: NVML: Failed to get maximum GPU power draw, defaulting to 225W: Not Supported

2025/02/18 (13:23:09) | ===> btop++ v.1.4.0
2025/02/18 (13:23:09) | WARNING: NVML: Failed to get maximum GPU power draw, defaulting to 225W: Not Supported

2025/02/18 (13:49:08) | ===> btop++ v.1.4.0
2025/02/18 (13:49:08) | WARNING: NVML: Failed to get maximum GPU power draw, defaulting to 225W: Not Supported

2025/02/22 (21:14:47) | ===> btop++ v.1.4.0
2025/02/22 (21:14:47) | WARNING: NVML: Failed to get maximum GPU power draw, defaulting to 225W: Not Supported

2025/04/26 (17:07:56) | ===> btop++ v.1.4.0
2025/04/26 (17:07:56) | ERROR: Stall in Runner thread, restarting!
